[debug] [2023-04-02T13:20:34.236Z] ----------------------------------------------------------------------
[debug] [2023-04-02T13:20:34.238Z] Command:       /Users/user/.nvm/versions/node/v16.18.1/bin/node /Users/user/.nvm/versions/node/v16.18.1/bin/firebase login
[debug] [2023-04-02T13:20:34.238Z] CLI Version:   11.25.2
[debug] [2023-04-02T13:20:34.239Z] Platform:      darwin
[debug] [2023-04-02T13:20:34.239Z] Node Version:  v16.18.1
[debug] [2023-04-02T13:20:34.240Z] Time:          Sun Apr 02 2023 21:20:34 GMT+0800 (Philippine Standard Time)
[debug] [2023-04-02T13:20:34.240Z] ----------------------------------------------------------------------
[debug] 
[debug] [2023-04-02T13:20:34.243Z] >>> [apiv2][query] GET https://firebase-public.firebaseio.com/cli.json [none]
[info] i  Firebase optionally collects CLI and Emulator Suite usage and error reporting information to help improve our products. Data is collected in accordance with Google's privacy policy (https://policies.google.com/privacy) and is not used to identify you.
 
[debug] [2023-04-02T13:20:34.827Z] <<< [apiv2][status] GET https://firebase-public.firebaseio.com/cli.json 200
[debug] [2023-04-02T13:20:34.827Z] <<< [apiv2][body] GET https://firebase-public.firebaseio.com/cli.json {"cloudBuildErrorAfter":1594252800000,"cloudBuildWarnAfter":1590019200000,"defaultNode10After":1594252800000,"minVersion":"3.0.5","node8DeploysDisabledAfter":1613390400000,"node8RuntimeDisabledAfter":1615809600000,"node8WarnAfter":1600128000000}
[info] i  To change your data collection preference at any time, run `firebase logout` and log in again. 
[info] 
[info] Visit this URL on this device to log in:
[info] https://accounts.google.com/o/oauth2/auth?client_id=563584335869-fgrhgmd47bqnekij5i8b5pr03ho849e6.apps.googleusercontent.com&scope=email%20openid%20https%3A%2F%2Fwww.googleapis.com%2Fauth%2Fcloudplatformprojects.readonly%20https%3A%2F%2Fwww.googleapis.com%2Fauth%2Ffirebase%20https%3A%2F%2Fwww.googleapis.com%2Fauth%2Fcloud-platform&response_type=code&state=981177725&redirect_uri=http%3A%2F%2Flocalhost%3A9005
[info] 
[info] Waiting for authentication...
[debug] [2023-04-02T14:04:03.968Z] ----------------------------------------------------------------------
[debug] [2023-04-02T14:04:03.970Z] Command:       /Users/user/.nvm/versions/node/v16.18.1/bin/node /Users/user/.nvm/versions/node/v16.18.1/bin/firebase login
[debug] [2023-04-02T14:04:03.971Z] CLI Version:   11.25.2
[debug] [2023-04-02T14:04:03.971Z] Platform:      darwin
[debug] [2023-04-02T14:04:03.971Z] Node Version:  v16.18.1
[debug] [2023-04-02T14:04:03.973Z] Time:          Sun Apr 02 2023 22:04:03 GMT+0800 (Philippine Standard Time)
[debug] [2023-04-02T14:04:03.973Z] ----------------------------------------------------------------------
[debug] 
[info] i  Firebase optionally collects CLI and Emulator Suite usage and error reporting information to help improve our products. Data is collected in accordance with Google's privacy policy (https://policies.google.com/privacy) and is not used to identify you.
 
[info] 
[info] Visit this URL on this device to log in:
[info] https://accounts.google.com/o/oauth2/auth?client_id=563584335869-fgrhgmd47bqnekij5i8b5pr03ho849e6.apps.googleusercontent.com&scope=email%20openid%20https%3A%2F%2Fwww.googleapis.com%2Fauth%2Fcloudplatformprojects.readonly%20https%3A%2F%2Fwww.googleapis.com%2Fauth%2Ffirebase%20https%3A%2F%2Fwww.googleapis.com%2Fauth%2Fcloud-platform&response_type=code&state=213268808&redirect_uri=http%3A%2F%2Flocalhost%3A9005
[info] 
[info] Waiting for authentication...
[debug] [2023-04-02T14:15:25.188Z] ----------------------------------------------------------------------
[debug] [2023-04-02T14:15:25.190Z] Command:       /Users/user/.nvm/versions/node/v16.18.1/bin/node /Users/user/.nvm/versions/node/v16.18.1/bin/firebase login
[debug] [2023-04-02T14:15:25.190Z] CLI Version:   11.25.2
[debug] [2023-04-02T14:15:25.190Z] Platform:      darwin
[debug] [2023-04-02T14:15:25.190Z] Node Version:  v16.18.1
[debug] [2023-04-02T14:15:25.192Z] Time:          Sun Apr 02 2023 22:15:25 GMT+0800 (Philippine Standard Time)
[debug] [2023-04-02T14:15:25.192Z] ----------------------------------------------------------------------
[debug] 
[info] i  Firebase optionally collects CLI and Emulator Suite usage and error reporting information to help improve our products. Data is collected in accordance with Google's privacy policy (https://policies.google.com/privacy) and is not used to identify you.
 
[info] 
[info] Visit this URL on this device to log in:
[info] https://accounts.google.com/o/oauth2/auth?client_id=563584335869-fgrhgmd47bqnekij5i8b5pr03ho849e6.apps.googleusercontent.com&scope=email%20openid%20https%3A%2F%2Fwww.googleapis.com%2Fauth%2Fcloudplatformprojects.readonly%20https%3A%2F%2Fwww.googleapis.com%2Fauth%2Ffirebase%20https%3A%2F%2Fwww.googleapis.com%2Fauth%2Fcloud-platform&response_type=code&state=164467715&redirect_uri=http%3A%2F%2Flocalhost%3A9005
[info] 
[info] Waiting for authentication...
[debug] [2023-04-02T14:17:47.599Z] ----------------------------------------------------------------------
[debug] [2023-04-02T14:17:47.601Z] Command:       /Users/user/.nvm/versions/node/v16.18.1/bin/node /Users/user/.nvm/versions/node/v16.18.1/bin/firebase login
[debug] [2023-04-02T14:17:47.602Z] CLI Version:   11.25.2
[debug] [2023-04-02T14:17:47.602Z] Platform:      darwin
[debug] [2023-04-02T14:17:47.602Z] Node Version:  v16.18.1
[debug] [2023-04-02T14:17:47.603Z] Time:          Sun Apr 02 2023 22:17:47 GMT+0800 (Philippine Standard Time)
[debug] [2023-04-02T14:17:47.603Z] ----------------------------------------------------------------------
[debug] 
[info] i  Firebase optionally collects CLI and Emulator Suite usage and error reporting information to help improve our products. Data is collected in accordance with Google's privacy policy (https://policies.google.com/privacy) and is not used to identify you.
 
[info] 
[info] Visit this URL on this device to log in:
[info] https://accounts.google.com/o/oauth2/auth?client_id=563584335869-fgrhgmd47bqnekij5i8b5pr03ho849e6.apps.googleusercontent.com&scope=email%20openid%20https%3A%2F%2Fwww.googleapis.com%2Fauth%2Fcloudplatformprojects.readonly%20https%3A%2F%2Fwww.googleapis.com%2Fauth%2Ffirebase%20https%3A%2F%2Fwww.googleapis.com%2Fauth%2Fcloud-platform&response_type=code&state=840699971&redirect_uri=http%3A%2F%2Flocalhost%3A9005
[info] 
[info] Waiting for authentication...
